Build started 16-03-2016 14:41:45.
     1>Project "C:\Users\matjias\Source\Repos\Starcraft-Bot\ExampleAIModule\ExampleAIModule.vcxproj" on node 2 (Rebuild target(s)).
     1>ClCompile:
         C:\Program Files (x86)\Microsoft Visual Studio 12.0\VC\bin\CL.exe /c /I../include /Zi /nologo /W3 /WX- /MP /O2 /Oi /Oy- /GL /D NOMINMAX /D WIN32 /D NDEBUG /D _WINDOWS /D _USRDLL /D EXAMPLEAIMODULE_EXPORTS /D _WINDLL /Gm- /EHsc /MD /GS /Gy /fp:precise /Zc:wchar_t /Zc:forScope /Fo"Release\\" /Fd"Release\vc120.pdb" /Gd /TP /analyze- /errorReport:prompt Army.cpp Source\Dll.cpp Source\ExampleAIModule.cpp Source\Scouting.cpp
         Army.cpp
         Dll.cpp
         ExampleAIModule.cpp
         Scouting.cpp
     1>Source\ExampleAIModule.cpp(81): warning C4018: '<' : signed/unsigned mismatch
     1>Source\ExampleAIModule.cpp(105): warning C4018: '<' : signed/unsigned mismatch
     1>Source\ExampleAIModule.cpp(155): warning C4018: '<' : signed/unsigned mismatch
     1>Source\ExampleAIModule.cpp(167): warning C4018: '<' : signed/unsigned mismatch
     1>Source\ExampleAIModule.cpp(179): warning C4018: '<' : signed/unsigned mismatch
     1>Source\ExampleAIModule.cpp(191): warning C4018: '<' : signed/unsigned mismatch
     1>Source\Scouting.cpp(38): warning C4018: '<' : signed/unsigned mismatch
     1>Source\Scouting.cpp(68): warning C4018: '<' : signed/unsigned mismatch
     1>Source\Scouting.cpp(229): warning C4018: '<' : signed/unsigned mismatch
     1>Source\Scouting.cpp(232): warning C4018: '<' : signed/unsigned mismatch
     1>Source\Scouting.cpp(249): warning C4018: '<' : signed/unsigned mismatch
     1>Source\ExampleAIModule.cpp(316): error C2451: conditional expression of type 'void' is illegal
                 Expressions of type void cannot be converted to other types
     1>Source\Scouting.cpp(354): warning C4018: '<' : signed/unsigned mismatch
     1>Source\Scouting.cpp(377): warning C4018: '<' : signed/unsigned mismatch
     1>Source\ExampleAIModule.cpp(470): warning C4018: '<' : signed/unsigned mismatch
     1>Source\Scouting.cpp(386): warning C4018: '<' : signed/unsigned mismatch
     1>Done Building Project "C:\Users\matjias\Source\Repos\Starcraft-Bot\ExampleAIModule\ExampleAIModule.vcxproj" (Rebuild target(s)) -- FAILED.

Build FAILED.

Time Elapsed 00:00:01.71
